\BOOKMARK [1][-]{section.0.1}{Carta de amor.}{}% 1
\BOOKMARK [1][-]{section.0.2}{Carta de amor II.}{}% 2
\BOOKMARK [1][-]{section.0.3}{Poema del domingo triste.}{}% 3
\BOOKMARK [1][-]{section.0.4}{Balada del loco amor.}{}% 4
\BOOKMARK [1][-]{section.0.5}{Canzonetta.}{}% 5
\BOOKMARK [1][-]{section.0.6}{\332ltimo amor.}{}% 6
\BOOKMARK [1][-]{section.0.7}{Canci\363n de la lluvia.}{}% 7
\BOOKMARK [1][-]{section.0.8}{Canci\363n del amor prohibido.}{}% 8
\BOOKMARK [1][-]{section.0.9}{Canci\363n del amor que pasa.}{}% 9
\BOOKMARK [1][-]{section.0.10}{Canci\363n de la noche sola.}{}% 10
\BOOKMARK [1][-]{section.0.11}{Canci\363n de la espera.}{}% 11
\BOOKMARK [1][-]{section.0.12}{Canci\363n del amor lejano.}{}% 12
\BOOKMARK [1][-]{section.0.13}{Balada del mal amor.}{}% 13
\BOOKMARK [1][-]{section.0.14}{Brindis.}{}% 14
\BOOKMARK [1][-]{section.0.15}{Canci\363n a la mujer lejana.}{}% 15
\BOOKMARK [1][-]{section.0.16}{Canci\363n de un sue\361o.}{}% 16
\BOOKMARK [1][-]{section.0.17}{Ella amar\341 a otro hombre.}{}% 17
\BOOKMARK [1][-]{section.0.18}{Soneto lloviendo.}{}% 18
\BOOKMARK [1][-]{section.0.19}{Mejor no quiero verte.}{}% 19
\BOOKMARK [1][-]{section.0.20}{Poema vulgar.}{}% 20
\BOOKMARK [1][-]{section.0.21}{Poema de la culpa.}{}% 21
\BOOKMARK [1][-]{section.0.22}{Poema del renunciamiento.}{}% 22
\BOOKMARK [1][-]{section.0.23}{Poema de la despedida.}{}% 23
\BOOKMARK [1][-]{section.0.24}{Carta sin fecha.}{}% 24
\BOOKMARK [1][-]{section.0.25}{Poema del secreto.}{}% 25
\BOOKMARK [1][-]{section.0.26}{Poema del amor imposible.}{}% 26
\BOOKMARK [1][-]{section.0.27}{Acu\351rdate de mi.}{}% 27
\BOOKMARK [1][-]{section.0.28}{Eleg\355a lamentable.}{}% 28
\BOOKMARK [1][-]{section.0.29}{Eleg\355a para ti y para mi.}{}% 29
\BOOKMARK [1][-]{section.0.30}{Amor insatisfecho.}{}% 30
\BOOKMARK [1][-]{section.0.31}{Se deja de querer.}{}% 31
\BOOKMARK [1][-]{section.0.32}{La dama de las perlas.}{}% 32
\BOOKMARK [1][-]{section.0.33}{Poema de las cosas.}{}% 33
\BOOKMARK [1][-]{section.0.34}{As\355, verte de lejos.}{}% 34
\BOOKMARK [1][-]{section.0.35}{Poema del amor peque\361o.}{}% 35
\BOOKMARK [1][-]{section.0.36}{Poema del poema.}{}% 36
\BOOKMARK [1][-]{section.0.37}{Celos.}{}% 37
\BOOKMARK [1][-]{section.0.38}{Canci\363n para la esposa ajena.}{}% 38
\BOOKMARK [1][-]{section.0.39}{No era amor.}{}% 39
\BOOKMARK [1][-]{section.0.40}{Te acordar\341s un d\355a.}{}% 40
\BOOKMARK [1][-]{section.0.41}{Ya todos la olvidaron.}{}% 41
\BOOKMARK [1][-]{section.0.42}{Poema del amor ajeno.}{}% 42
\BOOKMARK [1][-]{section.0.43}{Poema de una calle.}{}% 43
\BOOKMARK [1][-]{section.0.44}{Nocturno IV.}{}% 44
\BOOKMARK [1][-]{section.0.45}{Tercer poema del r\355o.}{}% 45
\BOOKMARK [1][-]{section.0.46}{Poema de la espera.}{}% 46
\BOOKMARK [1][-]{section.0.47}{Canci\363n del viaje.}{}% 47
\BOOKMARK [1][-]{section.0.48}{Canci\363n cotidiana.}{}% 48
\BOOKMARK [1][-]{section.0.49}{Canci\363n de la b\372squeda.}{}% 49
\BOOKMARK [1][-]{section.0.50}{Amor tard\355o.}{}% 50
\BOOKMARK [1][-]{section.0.51}{Canci\363n de los amantes.}{}% 51
\BOOKMARK [1][-]{section.0.52}{Con la simple palabra.}{}% 52
\BOOKMARK [1][-]{section.0.53}{Cuartetos del transe\372nte.}{}% 53
\BOOKMARK [1][-]{section.0.54}{Carta a usted.}{}% 54
\BOOKMARK [1][-]{section.0.55}{Discreto amor.}{}% 55
\BOOKMARK [1][-]{section.0.56}{Era mi amiga.}{}% 56
\BOOKMARK [1][-]{section.0.57}{Amamos porque s\355.}{}% 57
\BOOKMARK [1][-]{section.0.58}{D\372o de amor.}{}% 58
\BOOKMARK [1][-]{section.0.59}{Eleg\355a.}{}% 59
\BOOKMARK [1][-]{section.0.60}{Eleg\355a para entonces.}{}% 60
\BOOKMARK [1][-]{section.0.61}{Eleg\355a nocturna.}{}% 61
\BOOKMARK [1][-]{section.0.62}{Eleg\355a por nosotros.}{}% 62
\BOOKMARK [1][-]{section.0.63}{El gran amor.}{}% 63
\BOOKMARK [1][-]{section.0.64}{El peque\361o dolor.}{}% 64
\BOOKMARK [1][-]{section.0.65}{Inesperadamente.}{}% 65
\BOOKMARK [1][-]{section.0.66}{Madrigal triste.}{}% 66
\BOOKMARK [1][-]{section.0.67}{M\355a.}{}% 67
\BOOKMARK [1][-]{section.0.68}{Nocturno VII.}{}% 68
\BOOKMARK [1][-]{section.0.69}{Lied.}{}% 69
\BOOKMARK [1][-]{section.0.70}{Madrigal de la lluvia de abril.}{}% 70
\BOOKMARK [1][-]{section.0.71}{La fuga infinita.}{}% 71
\BOOKMARK [1][-]{section.0.72}{Tercer poema de la despedida.}{}% 72
\BOOKMARK [1][-]{section.0.73}{Nocturno VIII.}{}% 73
\BOOKMARK [1][-]{section.0.74}{Oasis.}{}% 74
\BOOKMARK [1][-]{section.0.75}{Poema de la desposada.}{}% 75
\BOOKMARK [1][-]{section.0.76}{Poema del espejo.}{}% 76
\BOOKMARK [1][-]{section.0.77}{Poema del \351xtasis.}{}% 77
\BOOKMARK [1][-]{section.0.78}{Poema final por nosotros.}{}% 78
\BOOKMARK [1][-]{section.0.79}{Aniversario.}{}% 79
\BOOKMARK [1][-]{section.0.80}{Triste es saber.}{}% 80
\BOOKMARK [1][-]{section.0.81}{Am\351monos.}{}% 81
\BOOKMARK [1][-]{section.0.82}{Soneto del tiempo.}{}% 82
\BOOKMARK [1][-]{section.0.83}{Soneto para un reproche.}{}% 83
\BOOKMARK [1][-]{section.0.84}{Segundo poema de la espera.}{}% 84
\BOOKMARK [1][-]{section.0.85}{Soneto en la alcoba.}{}% 85
\BOOKMARK [1][-]{section.0.86}{Soneto para la lluvia.}{}% 86
\BOOKMARK [1][-]{section.0.87}{Poema lejano.}{}% 87
\BOOKMARK [1][-]{section.0.88}{La mujer aquella.}{}% 88
\BOOKMARK [1][-]{section.0.89}{Lamentaciones de oto\361o.}{}% 89
\BOOKMARK [1][-]{section.0.90}{Poema del fracaso.}{}% 90
\BOOKMARK [1][-]{section.0.91}{La dama de la rosa.}{}% 91
\BOOKMARK [1][-]{section.0.92}{Canci\363n del amor que se queda.}{}% 92
\BOOKMARK [1][-]{section.0.93}{Poema para el crep\372sculo.}{}% 93
\BOOKMARK [1][-]{section.0.94}{Poema del r\355o.}{}% 94
\BOOKMARK [1][-]{section.0.95}{Segundo poema en la alameda.}{}% 95
\BOOKMARK [1][-]{section.0.96}{Canci\363n de la hoguera.}{}% 96
\BOOKMARK [1][-]{section.0.97}{Poema final.}{}% 97
\BOOKMARK [1][-]{section.0.98}{La puerta.}{}% 98
\BOOKMARK [1][-]{section.0.99}{Env\355o.}{}% 99
\BOOKMARK [1][-]{section.0.100}{Poema del olvido.}{}% 100
\BOOKMARK [1][-]{section.0.101}{Eleg\355a de est\355o.}{}% 101
\BOOKMARK [1][-]{section.0.102}{Te ir\341s, tal vez.}{}% 102
\BOOKMARK [1][-]{section.0.103}{\311sta vieja canci\363n.}{}% 103
\BOOKMARK [1][-]{section.0.104}{Soneto adolescente.}{}% 104
\BOOKMARK [1][-]{section.0.105}{Eleg\355a nocturna.}{}% 105
\BOOKMARK [1][-]{section.0.106}{Peque\361a canci\363n II.}{}% 106
\BOOKMARK [1][-]{section.0.107}{Poema para olvidarte.}{}% 107
\BOOKMARK [1][-]{section.0.108}{La estrella.}{}% 108
\BOOKMARK [1][-]{section.0.109}{Canci\363n de la rosa.}{}% 109
\BOOKMARK [1][-]{section.0.110}{Canci\363n al olvido.}{}% 110
\BOOKMARK [1][-]{section.0.111}{Canci\363n contigo.}{}% 111
\BOOKMARK [1][-]{section.0.112}{Canci\363n agradecida.}{}% 112
\BOOKMARK [1][-]{section.0.113}{Soneto final.}{}% 113
\BOOKMARK [1][-]{section.0.114}{Veinte a\361os amiga.}{}% 114
\BOOKMARK [1][-]{section.0.115}{La rama rota.}{}% 115
\BOOKMARK [1][-]{section.0.116}{Bendita seas.}{}% 116
